<?xml version="1.0" encoding="UTF-8" ?>
<testsuite tests="1" failures="1" name="testRunner.TestRunner" time="4.605" errors="0" skipped="0">
  <properties>
[...]
</properties>
  <testcase classname="E2E TEst" name="the Authorized user can Add and Remove a book." time="4.605">
    <failure message="
i_am_an_authorized_user - java.lang.IllegalStateException: Cannot parse object because no supported Content-Type was specified in response. Content-Type was &apos;text/html&apos;." type="java.lang.AssertionError">java.lang.AssertionError: 
i_am_an_authorized_user - java.lang.IllegalStateException: Cannot parse object because no supported Content-Type was specified in response. Content-Type was &apos;text/html&apos;.
	at org.junit.Assert.fail(Assert.java:89)
	at org.junit.Assert.assertTrue(Assert.java:42)
	at stepDef.stepDefinitions.i_am_an_authorized_user(stepDefinitions.java:53)
	at ✽.I am an authorized user(file:///C:/Users/shubham_k/eclipse-workspace/APITestingFramework/src/test/resources/features/E2Etest.feature:4)
</failure>
    <system-out>
Scenario: the Authorized user can Add and Remove a book. # src/test/resources/features/E2Etest.feature:6
  Given I am an authorized user                          # stepDef.stepDefinitions.i_am_an_authorized_user()
      java.lang.AssertionError: 
i_am_an_authorized_user - java.lang.IllegalStateException: Cannot parse object because no supported Content-Type was specified in response. Content-Type was &apos;text/html&apos;.
	at org.junit.Assert.fail(Assert.java:89)
	at org.junit.Assert.assertTrue(Assert.java:42)
	at stepDef.stepDefinitions.i_am_an_authorized_user(stepDefinitions.java:53)
	at âœ½.I am an authorized user(file:///C:/Users/shubham_k/eclipse-workspace/APITestingFramework/src/test/resources/features/E2Etest.feature:4)

  Given A list of books are available                    # stepDef.stepDefinitions.a_list_of_books_are_available()
  When I add a book to my reading list                   # stepDef.stepDefinitions.i_add_a_book_to_my_reading_list()
  Then the book is added                                 # stepDef.stepDefinitions.the_book_is_added()
  Then check the available books                         # stepDef.stepDefinitions.check_the_available_books()
  When I remove a book from my reading list              # stepDef.stepDefinitions.i_remove_a_book_from_my_reading_list()
  Then the book is removed                               # stepDef.stepDefinitions.the_book_is_removed()
  Then check the available books                         # stepDef.stepDefinitions.check_the_available_books()
</system-out>
  </testcase>
</testsuite>